<?xml version="1.0" encoding="UTF-8"?>
<!-- Generated by org.testng.reporters.JUnitReportReporter -->
<testsuite hostname="DESKTOP-5VBH2SA" failures="0" tests="2" name="Academy.HomePage" time="25.520" errors="0" timestamp="1 Jul 2021 19:10:13 GMT">
  <testcase classname="Academy.HomePage" name="testBaseNavigation" time="16.795"/>
  <testcase classname="Academy.HomePage" name="testBaseNavigation" time="8.725"/>
</testsuite> <!-- Academy.HomePage -->
