<?xml version="1.0" encoding="UTF-8"?>
<!-- Generated by org.testng.reporters.JUnitReportReporter -->
<testsuite hostname="DESKTOP-5VBH2SA" failures="0" tests="1" name="Academy.ValidateNavigationBar" time="0.879" errors="0" timestamp="1 Jul 2021 19:10:13 GMT">
  <testcase classname="Academy.ValidateNavigationBar" name="basePageNavigation" time="0.879"/>
</testsuite> <!-- Academy.ValidateNavigationBar -->
